<?xml version="1.0" encoding="UTF-8"?>
<testsuite xmlns:xsi="http://www.w3.org/2001/XMLSchema-instance" xsi:schemaLocation="https://maven.apache.org/surefire/maven-surefire-plugin/xsd/surefire-test-report.xsd" name="com.genericworkflownodes.knime.parameter.FileListParameterTest" time="0.007" tests="3" errors="0" skipped="0" failures="0">
  <properties>
    <property name="java.vendor" value="Oracle Corporation"/>
    <property name="osgi.bundles.defaultStartLevel" value="4"/>
    <property name="sun.java.launcher" value="SUN_STANDARD"/>
    <property name="org.osgi.supports.framework.extension" value="true"/>
    <property name="sun.management.compiler" value="HotSpot 64-Bit Tiered Compilers"/>
    <property name="os.name" value="Mac OS X"/>
    <property name="sun.boot.class.path" value="/Library/Java/JavaVirtualMachines/jdk1.8.0_191.jdk/Contents/Home/jre/lib/resources.jar:/Library/Java/JavaVirtualMachines/jdk1.8.0_191.jdk/Contents/Home/jre/lib/rt.jar:/Library/Java/JavaVirtualMachines/jdk1.8.0_191.jdk/Contents/Home/jre/lib/sunrsasign.jar:/Library/Java/JavaVirtualMachines/jdk1.8.0_191.jdk/Contents/Home/jre/lib/jsse.jar:/Library/Java/JavaVirtualMachines/jdk1.8.0_191.jdk/Contents/Home/jre/lib/jce.jar:/Library/Java/JavaVirtualMachines/jdk1.8.0_191.jdk/Contents/Home/jre/lib/charsets.jar:/Library/Java/JavaVirtualMachines/jdk1.8.0_191.jdk/Contents/Home/jre/lib/jfr.jar:/Library/Java/JavaVirtualMachines/jdk1.8.0_191.jdk/Contents/Home/jre/classes"/>
    <property name="osgi.ws" value="cocoa"/>
    <property name="java.vm.specification.vendor" value="Oracle Corporation"/>
    <property name="java.runtime.version" value="1.8.0_191-b12"/>
    <property name="osgi.instance.area" value="file:/Users/pfeuffer/git/GKN_dev/com.genericworkflownodes.knime.config.testing/target/work/data/"/>
    <property name="org.osgi.framework.uuid" value="34b4dd9d-1b76-4c65-bee4-07ada996c472"/>
    <property name="osgi.noShutdown" value="false"/>
    <property name="user.name" value="pfeuffer"/>
    <property name="org.osgi.framework.system.packages" value="javax.accessibility,javax.activation,javax.activity,javax.annotation,javax.annotation.processing,javax.crypto,javax.crypto.interfaces,javax.crypto.spec,javax.imageio,javax.imageio.event,javax.imageio.metadata,javax.imageio.plugins.bmp,javax.imageio.plugins.jpeg,javax.imageio.spi,javax.imageio.stream,javax.jws,javax.jws.soap,javax.lang.model,javax.lang.model.element,javax.lang.model.type,javax.lang.model.util,javax.management,javax.management.loading,javax.management.modelmbean,javax.management.monitor,javax.management.openmbean,javax.management.relation,javax.management.remote,javax.management.remote.rmi,javax.management.timer,javax.naming,javax.naming.directory,javax.naming.event,javax.naming.ldap,javax.naming.spi,javax.net,javax.net.ssl,javax.print,javax.print.attribute,javax.print.attribute.standard,javax.print.event,javax.rmi,javax.rmi.CORBA,javax.rmi.ssl,javax.script,javax.security.auth,javax.security.auth.callback,javax.security.auth.kerberos,javax.security.auth.login,javax.security.auth.spi,javax.security.auth.x500,javax.security.cert,javax.security.sasl,javax.sound.midi,javax.sound.midi.spi,javax.sound.sampled,javax.sound.sampled.spi,javax.sql,javax.sql.rowset,javax.sql.rowset.serial,javax.sql.rowset.spi,javax.swing,javax.swing.border,javax.swing.colorchooser,javax.swing.event,javax.swing.filechooser,javax.swing.plaf,javax.swing.plaf.basic,javax.swing.plaf.metal,javax.swing.plaf.multi,javax.swing.plaf.nimbus,javax.swing.plaf.synth,javax.swing.table,javax.swing.text,javax.swing.text.html,javax.swing.text.html.parser,javax.swing.text.rtf,javax.swing.tree,javax.swing.undo,javax.tools,javax.transaction,javax.transaction.xa,javax.xml,javax.xml.bind,javax.xml.bind.annotation,javax.xml.bind.annotation.adapters,javax.xml.bind.attachment,javax.xml.bind.helpers,javax.xml.bind.util,javax.xml.crypto,javax.xml.crypto.dom,javax.xml.crypto.dsig,javax.xml.crypto.dsig.dom,javax.xml.crypto.dsig.keyinfo,javax.xml.crypto.dsig.spec,javax.xml.datatype,javax.xml.namespace,javax.xml.parsers,javax.xml.soap,javax.xml.stream,javax.xml.stream.events,javax.xml.stream.util,javax.xml.transform,javax.xml.transform.dom,javax.xml.transform.sax,javax.xml.transform.stax,javax.xml.transform.stream,javax.xml.validation,javax.xml.ws,javax.xml.ws.handler,javax.xml.ws.handler.soap,javax.xml.ws.http,javax.xml.ws.soap,javax.xml.ws.spi,javax.xml.ws.spi.http,javax.xml.ws.wsaddressing,javax.xml.xpath,org.ietf.jgss,org.omg.CORBA,org.omg.CORBA_2_3,org.omg.CORBA_2_3.portable,org.omg.CORBA.DynAnyPackage,org.omg.CORBA.ORBPackage,org.omg.CORBA.portable,org.omg.CORBA.TypeCodePackage,org.omg.CosNaming,org.omg.CosNaming.NamingContextExtPackage,org.omg.CosNaming.NamingContextPackage,org.omg.Dynamic,org.omg.DynamicAny,org.omg.DynamicAny.DynAnyFactoryPackage,org.omg.DynamicAny.DynAnyPackage,org.omg.IOP,org.omg.IOP.CodecFactoryPackage,org.omg.IOP.CodecPackage,org.omg.Messaging,org.omg.PortableInterceptor,org.omg.PortableInterceptor.ORBInitInfoPackage,org.omg.PortableServer,org.omg.PortableServer.CurrentPackage,org.omg.PortableServer.POAManagerPackage,org.omg.PortableServer.POAPackage,org.omg.PortableServer.portable,org.omg.PortableServer.ServantLocatorPackage,org.omg.SendingContext,org.omg.stub.java.rmi,org.w3c.dom,org.w3c.dom.bootstrap,org.w3c.dom.css,org.w3c.dom.events,org.w3c.dom.html,org.w3c.dom.ls,org.w3c.dom.ranges,org.w3c.dom.stylesheets,org.w3c.dom.traversal,org.w3c.dom.views,org.w3c.dom.xpath,org.xml.sax,org.xml.sax.ext,org.xml.sax.helpers"/>
    <property name="org.eclipse.swt.internal.deviceZoom" value="200"/>
    <property name="equinox.use.ds" value="true"/>
    <property name="org.osgi.framework.language" value="de"/>
    <property name="user.language" value="de"/>
    <property name="org.osgi.framework.processor" value="x86-64"/>
    <property name="osgi.syspath" value="/Users/pfeuffer/.m2/repository/p2/osgi/bundle/org.eclipse.osgi/3.12.100.v20180210-1608"/>
    <property name="osgi.compatibility.bootdelegation.default" value="true"/>
    <property name="sun.boot.library.path" value="/Library/Java/JavaVirtualMachines/jdk1.8.0_191.jdk/Contents/Home/jre/lib"/>
    <property name="org.osgi.framework.system.capabilities" value="osgi.ee; osgi.ee=&quot;OSGi/Minimum&quot;; version:List&lt;Version&gt;=&quot;1.0, 1.1, 1.2&quot;,osgi.ee; osgi.ee=&quot;JRE&quot;; version:List&lt;Version&gt;=&quot;1.0, 1.1&quot;,osgi.ee; osgi.ee=&quot;JavaSE&quot;; version:List&lt;Version&gt;=&quot;1.0, 1.1, 1.2, 1.3, 1.4, 1.5, 1.6, 1.7, 1.8&quot;,osgi.ee; osgi.ee=&quot;JavaSE/compact1&quot;; version:List&lt;Version&gt;=&quot;1.8&quot;,osgi.ee; osgi.ee=&quot;JavaSE/compact2&quot;; version:List&lt;Version&gt;=&quot;1.8&quot;,osgi.ee; osgi.ee=&quot;JavaSE/compact3&quot;; version:List&lt;Version&gt;=&quot;1.8&quot;"/>
    <property name="osgi.compatibility.bootdelegation" value="true"/>
    <property name="java.version" value="1.8.0_191"/>
    <property name="org.osgi.framework.os.name" value="MacOSX"/>
    <property name="user.timezone" value="Europe/Berlin"/>
    <property name="sun.arch.data.model" value="64"/>
    <property name="osgi.bundles" value="reference:file:/Users/pfeuffer/.m2/repository/p2/osgi/bundle/com.fasterxml.jackson.core.jackson-databind/2.8.9/com.fasterxml.jackson.core.jackson-databind-2.8.9.jar,reference:file:/Users/pfeuffer/.m2/repository/p2/osgi/bundle/com.fasterxml.jackson.core.jackson-annotations/2.8.9/com.fasterxml.jackson.core.jackson-annotations-2.8.9.jar,reference:file:/Users/pfeuffer/.m2/repository/p2/osgi/bundle/com.fasterxml.jackson.core.jackson-core/2.8.9/com.fasterxml.jackson.core.jackson-core-2.8.9.jar,reference:file:/Users/pfeuffer/.m2/repository/p2/osgi/bundle/javax.xml/1.3.4.v201005080400/javax.xml-1.3.4.v201005080400.jar,reference:file:/Users/pfeuffer/.m2/repository/p2/osgi/bundle/org.apache.batik.dom/1.7.1.v201505191845/org.apache.batik.dom-1.7.1.v201505191845.jar,reference:file:/Users/pfeuffer/.m2/repository/p2/osgi/bundle/com.fasterxml.jackson.datatype.jackson-datatype-jdk8/2.8.9/com.fasterxml.jackson.datatype.jackson-datatype-jdk8-2.8.9.jar,reference:file:/Users/pfeuffer/.m2/repository/p2/osgi/bundle/com.fifesoft.autocomplete/2.6.0/com.fifesoft.autocomplete-2.6.0.jar,reference:file:/Users/pfeuffer/.m2/repository/p2/osgi/bundle/com.fifesoft.languagesupport/2.6.0.v20171114-knime/com.fifesoft.languagesupport-2.6.0.v20171114-knime.jar,reference:file:/Users/pfeuffer/.m2/repository/p2/osgi/bundle/com.fifesoft.rstaui/2.6.0/com.fifesoft.rstaui-2.6.0.jar,reference:file:/Users/pfeuffer/.m2/repository/p2/osgi/bundle/com.fifesoft.rsyntaxtextarea/2.6.0/com.fifesoft.rsyntaxtextarea-2.6.0.jar,reference:file:/Users/pfeuffer/.m2/repository/p2/osgi/bundle/com.fifesoft.spellchecker/2.6.0/com.fifesoft.spellchecker-2.6.0.jar,reference:file:/Users/pfeuffer/git/GKN_dev/com.genericworkflownodes.knime.config/target/com.genericworkflownodes.knime.config-1.0.0-SNAPSHOT.jar,reference:file:/Users/pfeuffer/.m2/repository/p2/osgi/bundle/org.apache.commons.lang/2.6.0.v201404270220/org.apache.commons.lang-2.6.0.v201404270220.jar,reference:file:/Users/pfeuffer/git/GKN_dev/com.genericworkflownodes.knime.config.testing,reference:file:/Users/pfeuffer/.m2/repository/p2/osgi/bundle/org.knime.testing/3.7.0.v201811021340/org.knime.testing-3.7.0.v201811021340.jar,reference:file:/Users/pfeuffer/.m2/repository/p2/osgi/bundle/org.junit/4.12.0.v201504281640/org.junit-4.12.0.v201504281640.jar,reference:file:/Users/pfeuffer/.m2/repository/p2/osgi/bundle/com.google.guava/19.0.0/com.google.guava-19.0.0.jar,reference:file:/Users/pfeuffer/.m2/repository/p2/osgi/bundle/com.toedter.jcalendar/1.4.0/com.toedter.jcalendar-1.4.0.jar,reference:file:/Users/pfeuffer/.m2/repository/p2/osgi/bundle/javax.activation/1.1.0.v201211130549/javax.activation-1.1.0.v201211130549.jar,reference:file:/Users/pfeuffer/.m2/repository/p2/osgi/bundle/javax.mail.glassfish/1.4.1.v201108011116/javax.mail.glassfish-1.4.1.v201108011116.jar,reference:file:/Users/pfeuffer/.m2/repository/p2/osgi/bundle/javax.servlet/3.1.0.v201410161800/javax.servlet-3.1.0.v201410161800.jar,reference:file:/Users/pfeuffer/git/GKN_dev/com.genericworkflownodes.knime.config.testing/target/work/plugins/org.apache.ant_1.10.1.v20170504-0840,reference:file:/Users/pfeuffer/.m2/repository/p2/osgi/bundle/org.apache.batik.bridge/1.6.0.v201011041432/org.apache.batik.bridge-1.6.0.v201011041432.jar,reference:file:/Users/pfeuffer/.m2/repository/p2/osgi/bundle/org.apache.batik.css/1.6.0.v201011041432/org.apache.batik.css-1.6.0.v201011041432.jar,reference:file:/Users/pfeuffer/.m2/repository/p2/osgi/bundle/org.apache.batik.dom/1.6.1.v201505192100/org.apache.batik.dom-1.6.1.v201505192100.jar,reference:file:/Users/pfeuffer/.m2/repository/p2/osgi/bundle/org.apache.batik.dom.svg/1.6.0.v201011041432/org.apache.batik.dom.svg-1.6.0.v201011041432.jar,reference:file:/Users/pfeuffer/.m2/repository/p2/osgi/bundle/org.apache.batik.ext.awt/1.6.0.v201011041432/org.apache.batik.ext.awt-1.6.0.v201011041432.jar,reference:file:/Users/pfeuffer/.m2/repository/p2/osgi/bundle/org.apache.batik.parser/1.6.0.v201011041432/org.apache.batik.parser-1.6.0.v201011041432.jar,reference:file:/Users/pfeuffer/.m2/repository/p2/osgi/bundle/org.apache.batik.util/1.6.0.v201011041432/org.apache.batik.util-1.6.0.v201011041432.jar,reference:file:/Users/pfeuffer/.m2/repository/p2/osgi/bundle/org.apache.batik.util.gui/1.6.0.v201011041432/org.apache.batik.util.gui-1.6.0.v201011041432.jar,reference:file:/Users/pfeuffer/.m2/repository/p2/osgi/bundle/org.apache.batik.xml/1.6.0.v201011041432/org.apache.batik.xml-1.6.0.v201011041432.jar,reference:file:/Users/pfeuffer/.m2/repository/p2/osgi/bundle/org.w3c.dom.svg/1.1.0.v201011041433/org.w3c.dom.svg-1.1.0.v201011041433.jar,reference:file:/Users/pfeuffer/.m2/repository/p2/osgi/bundle/org.apache.batik.bridge/1.7.0.v201011041433/org.apache.batik.bridge-1.7.0.v201011041433.jar,reference:file:/Users/pfeuffer/.m2/repository/p2/osgi/bundle/org.apache.batik.css/1.7.0.v201011041433/org.apache.batik.css-1.7.0.v201011041433.jar,reference:file:/Users/pfeuffer/.m2/repository/p2/osgi/bundle/org.apache.batik.dom.svg/1.7.0.v201011041433/org.apache.batik.dom.svg-1.7.0.v201011041433.jar,reference:file:/Users/pfeuffer/.m2/repository/p2/osgi/bundle/org.apache.batik.ext.awt/1.7.0.v201011041433/org.apache.batik.ext.awt-1.7.0.v201011041433.jar,reference:file:/Users/pfeuffer/.m2/repository/p2/osgi/bundle/org.apache.batik.parser/1.7.0.v201011041433/org.apache.batik.parser-1.7.0.v201011041433.jar,reference:file:/Users/pfeuffer/.m2/repository/p2/osgi/bundle/org.apache.batik.util/1.7.0.v201011041433/org.apache.batik.util-1.7.0.v201011041433.jar,reference:file:/Users/pfeuffer/.m2/repository/p2/osgi/bundle/org.apache.batik.util.gui/1.7.0.v200903091627/org.apache.batik.util.gui-1.7.0.v200903091627.jar,reference:file:/Users/pfeuffer/.m2/repository/p2/osgi/bundle/org.apache.batik.xml/1.7.0.v201011041433/org.apache.batik.xml-1.7.0.v201011041433.jar,reference:file:/Users/pfeuffer/.m2/repository/p2/osgi/bundle/org.w3c.dom.events/3.0.0.draft20060413_v201105210656/org.w3c.dom.events-3.0.0.draft20060413_v201105210656.jar,reference:file:/Users/pfeuffer/.m2/repository/p2/osgi/bundle/org.w3c.css.sac/1.3.1.v200903091627/org.w3c.css.sac-1.3.1.v200903091627.jar,reference:file:/Users/pfeuffer/.m2/repository/p2/osgi/bundle/org.apache.batik.dom.clfix/1.6.1.v201806121322/org.apache.batik.dom.clfix-1.6.1.v201806121322.jar,reference:file:/Users/pfeuffer/.m2/repository/p2/osgi/bundle/org.w3c.dom.smil/1.0.1.v200903091627/org.w3c.dom.smil-1.0.1.v200903091627.jar,reference:file:/Users/pfeuffer/.m2/repository/p2/osgi/bundle/org.apache.batik.dom.svg.clfix/1.6.0.v201806121322/org.apache.batik.dom.svg.clfix-1.6.0.v201806121322.jar,reference:file:/Users/pfeuffer/.m2/repository/p2/osgi/bundle/org.apache.batik.svggen/1.7.0.v201011041433/org.apache.batik.svggen-1.7.0.v201011041433.jar,reference:file:/Users/pfeuffer/.m2/repository/p2/osgi/bundle/org.apache.batik.swing/1.6.0.v201011041432/org.apache.batik.swing-1.6.0.v201011041432.jar,reference:file:/Users/pfeuffer/.m2/repository/p2/osgi/bundle/org.apache.batik.transcoder/1.7.0.v201011041433/org.apache.batik.transcoder-1.7.0.v201011041433.jar,reference:file:/Users/pfeuffer/.m2/repository/p2/osgi/bundle/org.apache.commons.codec/1.10.0/org.apache.commons.codec-1.10.0.jar,reference:file:/Users/pfeuffer/.m2/repository/p2/osgi/bundle/org.apache.commons.compress/1.16.1/org.apache.commons.compress-1.16.1.jar,reference:file:/Users/pfeuffer/.m2/repository/p2/osgi/bundle/org.apache.commons.httpclient/3.1.0.v201012070820/org.apache.commons.httpclient-3.1.0.v201012070820.jar,reference:file:/Users/pfeuffer/.m2/repository/p2/osgi/bundle/org.apache.commons.logging/1.2.0/org.apache.commons.logging-1.2.0.jar,reference:file:/Users/pfeuffer/.m2/repository/p2/osgi/bundle/org.eclipse.osgi.services/3.6.0.v20170228-1906/org.eclipse.osgi.services-3.6.0.v20170228-1906.jar,reference:file:/Users/pfeuffer/.m2/repository/p2/osgi/bundle/org.apache.felix.scr/2.0.10.v20170501-2007/org.apache.felix.scr-2.0.10.v20170501-2007.jar,reference:file:/Users/pfeuffer/.m2/repository/p2/osgi/bundle/org.eclipse.osgi.util/3.4.0.v20170111-1608/org.eclipse.osgi.util-3.4.0.v20170111-1608.jar,reference:file:/Users/pfeuffer/.m2/repository/p2/osgi/bundle/org.apache.httpcomponents.httpclient/4.5.5/org.apache.httpcomponents.httpclient-4.5.5.jar,reference:file:/Users/pfeuffer/.m2/repository/p2/osgi/bundle/org.apache.httpcomponents.httpcore/4.4.6.v20170210-0925/org.apache.httpcomponents.httpcore-4.4.6.v20170210-0925.jar,reference:file:/Users/pfeuffer/.m2/repository/p2/osgi/bundle/org.apache.lucene.analyzers-common/6.1.0.v20161115-1612/org.apache.lucene.analyzers-common-6.1.0.v20161115-1612.jar,reference:file:/Users/pfeuffer/.m2/repository/p2/osgi/bundle/org.apache.lucene.misc/6.1.0.v20161115-1612/org.apache.lucene.misc-6.1.0.v20161115-1612.jar,reference:file:/Users/pfeuffer/.m2/repository/p2/osgi/bundle/org.apache.lucene.core/6.1.0.v20170814-1820/org.apache.lucene.core-6.1.0.v20170814-1820.jar,reference:file:/Users/pfeuffer/.m2/repository/p2/osgi/bundle/org.apache.lucene.analyzers-smartcn/6.1.0.v20161115-1612/org.apache.lucene.analyzers-smartcn-6.1.0.v20161115-1612.jar,reference:file:/Users/pfeuffer/.m2/repository/p2/osgi/bundle/org.apache.xalan/2.7.1.v201005080400/org.apache.xalan-2.7.1.v201005080400.jar,reference:file:/Users/pfeuffer/.m2/repository/p2/osgi/bundle/org.apache.xml.serializer/2.7.1.v201005080400/org.apache.xml.serializer-2.7.1.v201005080400.jar,reference:file:/Users/pfeuffer/.m2/repository/p2/osgi/bundle/org.apache.xerces/2.9.0.v201101211617/org.apache.xerces-2.9.0.v201101211617.jar,reference:file:/Users/pfeuffer/.m2/repository/p2/osgi/bundle/org.apache.xml.resolver/1.2.0.v201005080400/org.apache.xml.resolver-1.2.0.v201005080400.jar,reference:file:/Users/pfeuffer/.m2/repository/p2/osgi/bundle/org.apache.xmlbeans/2.6.0.v201805031007/org.apache.xmlbeans-2.6.0.v201805031007.jar,reference:file:/Users/pfeuffer/.m2/repository/p2/osgi/bundle/org.eclipse.ant.core/3.5.0.v20170509-2149/org.eclipse.ant.core-3.5.0.v20170509-2149.jar,reference:file:/Users/pfeuffer/.m2/repository/p2/osgi/bundle/org.eclipse.core.variables/3.4.0.v20170113-2056/org.eclipse.core.variables-3.4.0.v20170113-2056.jar,reference:file:/Users/pfeuffer/.m2/repository/p2/osgi/bundle/org.eclipse.core.runtime/3.13.0.v20170207-1030/org.eclipse.core.runtime-3.13.0.v20170207-1030.jar@4:start,reference:file:/Users/pfeuffer/.m2/repository/p2/osgi/bundle/org.eclipse.compare/3.7.101.v20170724-1603/org.eclipse.compare-3.7.101.v20170724-1603.jar,reference:file:/Users/pfeuffer/.m2/repository/p2/osgi/bundle/org.eclipse.ui/3.109.0.v20170411-1742/org.eclipse.ui-3.109.0.v20170411-1742.jar,reference:file:/Users/pfeuffer/.m2/repository/p2/osgi/bundle/org.eclipse.core.resources/3.12.0.v20170417-1558/org.eclipse.core.resources-3.12.0.v20170417-1558.jar,reference:file:/Users/pfeuffer/.m2/repository/p2/osgi/bundle/org.eclipse.jface.text/3.12.2.v20180112-1341/org.eclipse.jface.text-3.12.2.v20180112-1341.jar,reference:file:/Users/pfeuffer/.m2/repository/p2/osgi/bundle/org.eclipse.ui.ide/3.13.1.v20170822-1526/org.eclipse.ui.ide-3.13.1.v20170822-1526.jar,reference:file:/Users/pfeuffer/.m2/repository/p2/osgi/bundle/org.eclipse.ui.views/3.9.0.v20170226-1833/org.eclipse.ui.views-3.9.0.v20170226-1833.jar,reference:file:/Users/pfeuffer/.m2/repository/p2/osgi/bundle/org.eclipse.ui.workbench.texteditor/3.10.100.v20170426-2021/org.eclipse.ui.workbench.texteditor-3.10.100.v20170426-2021.jar,reference:file:/Users/pfeuffer/.m2/repository/p2/osgi/bundle/org.eclipse.core.expressions/3.6.0.v20170207-1037/org.eclipse.core.expressions-3.6.0.v20170207-1037.jar,reference:file:/Users/pfeuffer/.m2/repository/p2/osgi/bundle/org.eclipse.ui.editors/3.11.0.v20170202-1823/org.eclipse.ui.editors-3.11.0.v20170202-1823.jar,reference:file:/Users/pfeuffer/.m2/repository/p2/osgi/bundle/org.eclipse.ui.forms/3.7.101.v20170815-1446/org.eclipse.ui.forms-3.7.101.v20170815-1446.jar,reference:file:/Users/pfeuffer/.m2/repository/p2/osgi/bundle/org.eclipse.compare.core/3.6.100.v20170516-0820/org.eclipse.compare.core-3.6.100.v20170516-0820.jar,reference:file:/Users/pfeuffer/.m2/repository/p2/osgi/bundle/com.ibm.icu/58.2.0.v20170418-1837/com.ibm.icu-58.2.0.v20170418-1837.jar,reference:file:/Users/pfeuffer/.m2/repository/p2/osgi/bundle/org.eclipse.core.commands/3.9.0.v20170530-1048/org.eclipse.core.commands-3.9.0.v20170530-1048.jar,reference:file:/Users/pfeuffer/.m2/repository/p2/osgi/bundle/org.eclipse.equinox.common/3.9.0.v20170207-1454/org.eclipse.equinox.common-3.9.0.v20170207-1454.jar@2:start,reference:file:/Users/pfeuffer/.m2/repository/p2/osgi/bundle/org.eclipse.core.contenttype/3.6.0.v20170207-1037/org.eclipse.core.contenttype-3.6.0.v20170207-1037.jar,reference:file:/Users/pfeuffer/.m2/repository/p2/osgi/bundle/org.eclipse.equinox.preferences/3.7.0.v20170126-2132/org.eclipse.equinox.preferences-3.7.0.v20170126-2132.jar,reference:file:/Users/pfeuffer/.m2/repository/p2/osgi/bundle/org.eclipse.equinox.registry/3.7.0.v20170222-1344/org.eclipse.equinox.registry-3.7.0.v20170222-1344.jar,reference:file:/Users/pfeuffer/.m2/repository/p2/osgi/bundle/org.eclipse.core.databinding/1.6.100.v20170515-1119/org.eclipse.core.databinding-1.6.100.v20170515-1119.jar,reference:file:/Users/pfeuffer/.m2/repository/p2/osgi/bundle/org.eclipse.core.databinding.observable/1.6.100.v20170515-1119/org.eclipse.core.databinding.observable-1.6.100.v20170515-1119.jar,reference:file:/Users/pfeuffer/.m2/repository/p2/osgi/bundle/org.eclipse.core.databinding.property/1.6.100.v20170515-1119/org.eclipse.core.databinding.property-1.6.100.v20170515-1119.jar,reference:file:/Users/pfeuffer/.m2/repository/p2/osgi/bundle/org.eclipse.core.filebuffers/3.6.100.v20170203-1130/org.eclipse.core.filebuffers-3.6.100.v20170203-1130.jar,reference:file:/Users/pfeuffer/.m2/repository/p2/osgi/bundle/org.eclipse.text/3.6.100.v20170203-0814/org.eclipse.text-3.6.100.v20170203-0814.jar,reference:file:/Users/pfeuffer/.m2/repository/p2/osgi/bundle/org.eclipse.core.filesystem/1.7.0.v20170406-1337/org.eclipse.core.filesystem-1.7.0.v20170406-1337.jar,reference:file:/Users/pfeuffer/.m2/repository/p2/osgi/bundle/org.eclipse.core.jobs/3.9.3.v20180115-1757/org.eclipse.core.jobs-3.9.3.v20180115-1757.jar,reference:file:/Users/pfeuffer/.m2/repository/p2/osgi/bundle/org.eclipse.core.net/1.3.100.v20170516-0820/org.eclipse.core.net-1.3.100.v20170516-0820.jar,reference:file:/Users/pfeuffer/.m2/repository/p2/osgi/bundle/org.eclipse.equinox.security/1.2.300.v20170505-1235/org.eclipse.equinox.security-1.2.300.v20170505-1235.jar,reference:file:/Users/pfeuffer/.m2/repository/p2/osgi/bundle/org.eclipse.equinox.app/1.3.400.v20150715-1528/org.eclipse.equinox.app-1.3.400.v20150715-1528.jar,reference:file:/Users/pfeuffer/.m2/repository/p2/osgi/bundle/org.eclipse.draw2d/3.10.100.201606061308/org.eclipse.draw2d-3.10.100.201606061308.jar,reference:file:/Users/pfeuffer/.m2/repository/p2/osgi/bundle/org.eclipse.swt/3.106.3.v20180329-0507/org.eclipse.swt-3.106.3.v20180329-0507.jar,reference:file:/Users/pfeuffer/.m2/repository/p2/osgi/bundle/org.eclipse.e4.core.commands/0.12.100.v20170513-0428/org.eclipse.e4.core.commands-0.12.100.v20170513-0428.jar,reference:file:/Users/pfeuffer/.m2/repository/p2/osgi/bundle/org.eclipse.e4.core.di/1.6.100.v20170421-1418/org.eclipse.e4.core.di-1.6.100.v20170421-1418.jar,reference:file:/Users/pfeuffer/.m2/repository/p2/osgi/bundle/javax.inject/1.0.0.v20091030/javax.inject-1.0.0.v20091030.jar,reference:file:/Users/pfeuffer/.m2/repository/p2/osgi/bundle/org.eclipse.e4.core.contexts/1.6.0.v20170322-1144/org.eclipse.e4.core.contexts-1.6.0.v20170322-1144.jar,reference:file:/Users/pfeuffer/.m2/repository/p2/osgi/bundle/org.eclipse.e4.core.services/2.1.0.v20170407-0928/org.eclipse.e4.core.services-2.1.0.v20170407-0928.jar,reference:file:/Users/pfeuffer/.m2/repository/p2/osgi/bundle/org.eclipse.e4.core.di.annotations/1.6.0.v20170119-2002/org.eclipse.e4.core.di.annotations-1.6.0.v20170119-2002.jar,reference:file:/Users/pfeuffer/.m2/repository/p2/osgi/bundle/org.eclipse.e4.core.di.extensions/0.15.0.v20170228-1728/org.eclipse.e4.core.di.extensions-0.15.0.v20170228-1728.jar,reference:file:/Users/pfeuffer/.m2/repository/p2/osgi/bundle/org.eclipse.e4.core.di.extensions.supplier/0.15.0.v20170407-0928/org.eclipse.e4.core.di.extensions.supplier-0.15.0.v20170407-0928.jar,reference:file:/Users/pfeuffer/.m2/repository/p2/osgi/bundle/org.eclipse.equinox.ds/1.5.0.v20170307-1429/org.eclipse.equinox.ds-1.5.0.v20170307-1429.jar@1:start,reference:file:/Users/pfeuffer/.m2/repository/p2/osgi/bundle/org.eclipse.e4.emf.xpath/0.2.0.v20160630-0728/org.eclipse.e4.emf.xpath-0.2.0.v20160630-0728.jar,reference:file:/Users/pfeuffer/.m2/repository/p2/osgi/bundle/org.apache.commons.jxpath/1.3.0.v200911051830/org.apache.commons.jxpath-1.3.0.v200911051830.jar,reference:file:/Users/pfeuffer/.m2/repository/p2/osgi/bundle/org.eclipse.emf.ecore/2.13.0.v20170609-0707/org.eclipse.emf.ecore-2.13.0.v20170609-0707.jar,reference:file:/Users/pfeuffer/.m2/repository/p2/osgi/bundle/org.eclipse.e4.ui.bindings/0.12.1.v20170823-1632/org.eclipse.e4.ui.bindings-0.12.1.v20170823-1632.jar,reference:file:/Users/pfeuffer/.m2/repository/p2/osgi/bundle/org.eclipse.jface/3.13.2.v20171022-1656/org.eclipse.jface-3.13.2.v20171022-1656.jar,reference:file:/Users/pfeuffer/.m2/repository/p2/osgi/bundle/org.eclipse.e4.ui.css.core/0.12.101.v20170712-1547/org.eclipse.e4.ui.css.core-0.12.101.v20170712-1547.jar,reference:file:/Users/pfeuffer/.m2/repository/p2/osgi/bundle/org.eclipse.e4.ui.css.swt/0.13.1.v20170808-1940/org.eclipse.e4.ui.css.swt-0.13.1.v20170808-1940.jar,reference:file:/Users/pfeuffer/.m2/repository/p2/osgi/bundle/org.eclipse.e4.ui.css.swt.theme/0.11.0.v20170312-2302/org.eclipse.e4.ui.css.swt.theme-0.11.0.v20170312-2302.jar,reference:file:/Users/pfeuffer/.m2/repository/p2/osgi/bundle/org.eclipse.e4.ui.di/1.2.100.v20170414-1137/org.eclipse.e4.ui.di-1.2.100.v20170414-1137.jar,reference:file:/Users/pfeuffer/.m2/repository/p2/osgi/bundle/org.eclipse.e4.ui.model.workbench/2.0.1.v20170713-1800/org.eclipse.e4.ui.model.workbench-2.0.1.v20170713-1800.jar,reference:file:/Users/pfeuffer/.m2/repository/p2/osgi/bundle/org.eclipse.e4.ui.services/1.3.0.v20170307-2032/org.eclipse.e4.ui.services-1.3.0.v20170307-2032.jar,reference:file:/Users/pfeuffer/.m2/repository/p2/osgi/bundle/org.eclipse.equinox.event/1.4.0.v20170105-1446/org.eclipse.equinox.event-1.4.0.v20170105-1446.jar,reference:file:/Users/pfeuffer/.m2/repository/p2/osgi/bundle/org.eclipse.e4.ui.widgets/1.2.0.v20160630-0736/org.eclipse.e4.ui.widgets-1.2.0.v20160630-0736.jar,reference:file:/Users/pfeuffer/.m2/repository/p2/osgi/bundle/org.eclipse.e4.ui.workbench/1.5.1.v20170815-1446/org.eclipse.e4.ui.workbench-1.5.1.v20170815-1446.jar,reference:file:/Users/pfeuffer/.m2/repository/p2/osgi/bundle/org.eclipse.emf.ecore.xmi/2.13.0.v20170609-0707/org.eclipse.emf.ecore.xmi-2.13.0.v20170609-0707.jar,reference:file:/Users/pfeuffer/.m2/repository/p2/osgi/bundle/org.eclipse.emf.ecore.change/2.11.0.v20170609-0707/org.eclipse.emf.ecore.change-2.11.0.v20170609-0707.jar,reference:file:/Users/pfeuffer/.m2/repository/p2/osgi/bundle/org.eclipse.e4.ui.workbench.addons.swt/1.3.1.v20170319-1442/org.eclipse.e4.ui.workbench.addons.swt-1.3.1.v20170319-1442.jar,reference:file:/Users/pfeuffer/.m2/repository/p2/osgi/bundle/org.eclipse.e4.ui.workbench.renderers.swt/0.14.102.v20180117-1153/org.eclipse.e4.ui.workbench.renderers.swt-0.14.102.v20180117-1153.jar,reference:file:/Users/pfeuffer/.m2/repository/p2/osgi/bundle/org.eclipse.e4.ui.workbench.swt/0.14.101.v20170710-1119/org.eclipse.e4.ui.workbench.swt-0.14.101.v20170710-1119.jar,reference:file:/Users/pfeuffer/.m2/repository/p2/osgi/bundle/org.eclipse.jface.databinding/1.8.100.v20170503-1507/org.eclipse.jface.databinding-1.8.100.v20170503-1507.jar,reference:file:/Users/pfeuffer/.m2/repository/p2/osgi/bundle/org.eclipse.e4.ui.workbench3/0.14.0.v20160630-0740/org.eclipse.e4.ui.workbench3-0.14.0.v20160630-0740.jar,reference:file:/Users/pfeuffer/.m2/repository/p2/osgi/bundle/org.eclipse.ecf/3.8.0.v20170104-0657/org.eclipse.ecf-3.8.0.v20170104-0657.jar,reference:file:/Users/pfeuffer/.m2/repository/p2/osgi/bundle/org.eclipse.ecf.identity/3.8.0.v20161203-2153/org.eclipse.ecf.identity-3.8.0.v20161203-2153.jar,reference:file:/Users/pfeuffer/.m2/repository/p2/osgi/bundle/org.eclipse.equinox.concurrent/1.1.0.v20130327-1442/org.eclipse.equinox.concurrent-1.1.0.v20130327-1442.jar,reference:file:/Users/pfeuffer/.m2/repository/p2/osgi/bundle/org.eclipse.ecf.filetransfer/5.0.0.v20160817-1024/org.eclipse.ecf.filetransfer-5.0.0.v20160817-1024.jar,reference:file:/Users/pfeuffer/.m2/repository/p2/osgi/bundle/org.eclipse.emf.common/2.13.0.v20170609-0707/org.eclipse.emf.common-2.13.0.v20170609-0707.jar,reference:file:/Users/pfeuffer/.m2/repository/p2/osgi/bundle/org.eclipse.equinox.bidi/1.1.0.v20160728-1031/org.eclipse.equinox.bidi-1.1.0.v20160728-1031.jar,reference:file:/Users/pfeuffer/.m2/repository/p2/osgi/bundle/org.eclipse.equinox.frameworkadmin/2.0.300.v20160504-1450/org.eclipse.equinox.frameworkadmin-2.0.300.v20160504-1450.jar,reference:file:/Users/pfeuffer/.m2/repository/p2/osgi/bundle/org.eclipse.equinox.frameworkadmin.equinox/1.0.800.v20170524-1345/org.eclipse.equinox.frameworkadmin.equinox-1.0.800.v20170524-1345.jar,reference:file:/Users/pfeuffer/.m2/repository/p2/osgi/bundle/org.eclipse.equinox.p2.artifact.repository/1.1.650.v20170928-1405/org.eclipse.equinox.p2.artifact.repository-1.1.650.v20170928-1405.jar,reference:file:/Users/pfeuffer/.m2/repository/p2/osgi/bundle/org.eclipse.equinox.p2.metadata/2.3.200.v20170511-1106/org.eclipse.equinox.p2.metadata-2.3.200.v20170511-1106.jar,reference:file:/Users/pfeuffer/.m2/repository/p2/osgi/bundle/org.tukaani.xz/1.5.0.v20170111-1717/org.tukaani.xz-1.5.0.v20170111-1717.jar,reference:file:/Users/pfeuffer/.m2/repository/p2/osgi/bundle/org.eclipse.equinox.p2.core/2.4.101.v20170906-1259/org.eclipse.equinox.p2.core-2.4.101.v20170906-1259.jar,reference:file:/Users/pfeuffer/.m2/repository/p2/osgi/bundle/org.eclipse.equinox.p2.jarprocessor/1.0.500.v20160504-1450/org.eclipse.equinox.p2.jarprocessor-1.0.500.v20160504-1450.jar,reference:file:/Users/pfeuffer/.m2/repository/p2/osgi/bundle/org.eclipse.equinox.p2.repository/2.3.301.v20170906-1259/org.eclipse.equinox.p2.repository-2.3.301.v20170906-1259.jar,reference:file:/Users/pfeuffer/.m2/repository/p2/osgi/bundle/org.eclipse.equinox.p2.director/2.3.300.v20160504-1450/org.eclipse.equinox.p2.director-2.3.300.v20160504-1450.jar,reference:file:/Users/pfeuffer/.m2/repository/p2/osgi/bundle/org.sat4j.core/2.3.5.v201308161310/org.sat4j.core-2.3.5.v201308161310.jar,reference:file:/Users/pfeuffer/.m2/repository/p2/osgi/bundle/org.sat4j.pb/2.3.5.v201404071733/org.sat4j.pb-2.3.5.v201404071733.jar,reference:file:/Users/pfeuffer/.m2/repository/p2/osgi/bundle/org.eclipse.equinox.simpleconfigurator/1.2.1.v20180131-1435/org.eclipse.equinox.simpleconfigurator-1.2.1.v20180131-1435.jar@1:start,reference:file:/Users/pfeuffer/.m2/repository/p2/osgi/bundle/org.eclipse.equinox.p2.engine/2.5.0.v20170319-2002/org.eclipse.equinox.p2.engine-2.5.0.v20170319-2002.jar,reference:file:/Users/pfeuffer/.m2/repository/p2/osgi/bundle/org.eclipse.equinox.p2.metadata.repository/1.2.401.v20170906-1259/org.eclipse.equinox.p2.metadata.repository-1.2.401.v20170906-1259.jar,reference:file:/Users/pfeuffer/.m2/repository/p2/osgi/bundle/org.eclipse.equinox.p2.garbagecollector/1.0.300.v20160504-1450/org.eclipse.equinox.p2.garbagecollector-1.0.300.v20160504-1450.jar,reference:file:/Users/pfeuffer/.m2/repository/p2/osgi/bundle/org.eclipse.equinox.p2.operations/2.4.300.v20170511-1106/org.eclipse.equinox.p2.operations-2.4.300.v20170511-1106.jar,reference:file:/Users/pfeuffer/.m2/repository/p2/osgi/bundle/org.eclipse.equinox.p2.touchpoint.eclipse/2.1.501.v20170906-1259/org.eclipse.equinox.p2.touchpoint.eclipse-2.1.501.v20170906-1259.jar,reference:file:/Users/pfeuffer/.m2/repository/p2/osgi/bundle/org.eclipse.equinox.simpleconfigurator.manipulator/2.0.300.v20170515-0721/org.eclipse.equinox.simpleconfigurator.manipulator-2.0.300.v20170515-0721.jar,reference:file:/Users/pfeuffer/.m2/repository/p2/osgi/bundle/org.eclipse.equinox.p2.ui/2.5.2.v20171013-1525/org.eclipse.equinox.p2.ui-2.5.2.v20171013-1525.jar,reference:file:/Users/pfeuffer/.m2/repository/p2/osgi/bundle/org.eclipse.equinox.security.ui/1.1.400.v20170505-1235/org.eclipse.equinox.security.ui-1.1.400.v20170505-1235.jar,reference:file:/Users/pfeuffer/.m2/repository/p2/osgi/bundle/org.eclipse.equinox.p2.ui.sdk.scheduler/1.3.100.v20170418-0708/org.eclipse.equinox.p2.ui.sdk.scheduler-1.3.100.v20170418-0708.jar,reference:file:/Users/pfeuffer/.m2/repository/p2/osgi/bundle/org.eclipse.equinox.p2.updatechecker/1.1.400.v20170106-2125/org.eclipse.equinox.p2.updatechecker-1.1.400.v20170106-2125.jar,reference:file:/Users/pfeuffer/.m2/repository/p2/osgi/bundle/org.eclipse.gef/3.11.0.201606061308/org.eclipse.gef-3.11.0.201606061308.jar,reference:file:/Users/pfeuffer/.m2/repository/p2/osgi/bundle/org.eclipse.ui.workbench/3.110.1.v20170704-1208/org.eclipse.ui.workbench-3.110.1.v20170704-1208.jar,reference:file:/Users/pfeuffer/.m2/repository/p2/osgi/bundle/org.eclipse.help/3.8.1.v20170815-1448/org.eclipse.help-3.8.1.v20170815-1448.jar,reference:file:/Users/pfeuffer/.m2/repository/p2/osgi/bundle/org.eclipse.help.base/4.2.153.v20180330-0640/org.eclipse.help.base-4.2.153.v20180330-0640.jar,reference:file:/Users/pfeuffer/.m2/repository/p2/osgi/bundle/org.eclipse.help.ui/4.1.0.v20170311-0931/org.eclipse.help.ui-4.1.0.v20170311-0931.jar,reference:file:/Users/pfeuffer/.m2/repository/p2/osgi/bundle/org.eclipse.jetty.http/9.4.8.v20171121/org.eclipse.jetty.http-9.4.8.v20171121.jar,reference:file:/Users/pfeuffer/.m2/repository/p2/osgi/bundle/org.eclipse.jetty.io/9.4.8.v20171121/org.eclipse.jetty.io-9.4.8.v20171121.jar,reference:file:/Users/pfeuffer/.m2/repository/p2/osgi/bundle/org.eclipse.jetty.util/9.4.8.v20171121/org.eclipse.jetty.util-9.4.8.v20171121.jar,reference:file:/Users/pfeuffer/.m2/repository/p2/osgi/bundle/org.eclipse.jetty.server/9.4.8.v20171121/org.eclipse.jetty.server-9.4.8.v20171121.jar,reference:file:/Users/pfeuffer/.m2/repository/p2/osgi/bundle/org.eclipse.ltk.core.refactoring/3.8.0.v20170105-1156/org.eclipse.ltk.core.refactoring-3.8.0.v20170105-1156.jar,reference:file:/Users/pfeuffer/.m2/repository/p2/osgi/bundle/org.eclipse.ltk.ui.refactoring/3.9.0.v20170412-0825/org.eclipse.ltk.ui.refactoring-3.9.0.v20170412-0825.jar,reference:file:/Users/pfeuffer/.m2/repository/p2/osgi/bundle/org.eclipse.ui.navigator/3.7.0.v20170418-1342/org.eclipse.ui.navigator-3.7.0.v20170418-1342.jar,reference:file:/Users/pfeuffer/.m2/repository/p2/osgi/bundle/org.eclipse.team.core/3.8.100.v20170516-0820/org.eclipse.team.core-3.8.100.v20170516-0820.jar,reference:file:/Users/pfeuffer/.m2/repository/p2/osgi/bundle/org.eclipse.team.ui/3.8.1.v20170515-1133/org.eclipse.team.ui-3.8.1.v20170515-1133.jar,reference:file:/Users/pfeuffer/.m2/repository/p2/osgi/bundle/org.eclipse.swt.cocoa.macosx.x86_64/3.106.3.v20180329-0507/org.eclipse.swt.cocoa.macosx.x86_64-3.106.3.v20180329-0507.jar,reference:file:/Users/pfeuffer/.m2/repository/p2/osgi/bundle/org.eclipse.ui.browser/3.6.100.v20170418-1342/org.eclipse.ui.browser-3.6.100.v20170418-1342.jar,reference:file:/Users/pfeuffer/.m2/repository/p2/osgi/bundle/org.eclipse.ui.console/3.7.1.v20170728-0806/org.eclipse.ui.console-3.7.1.v20170728-0806.jar,reference:file:/Users/pfeuffer/.m2/repository/p2/osgi/bundle/org.eclipse.ui.ide.application/1.2.0.v20170512-1452/org.eclipse.ui.ide.application-1.2.0.v20170512-1452.jar,reference:file:/Users/pfeuffer/.m2/repository/p2/osgi/bundle/org.eclipse.ui.navigator.resources/3.6.1.v20170823-1443/org.eclipse.ui.navigator.resources-3.6.1.v20170823-1443.jar,reference:file:/Users/pfeuffer/.m2/repository/p2/osgi/bundle/org.eclipse.ui.intro/3.5.100.v20170418-0710/org.eclipse.ui.intro-3.5.100.v20170418-0710.jar,reference:file:/Users/pfeuffer/.m2/repository/p2/osgi/bundle/org.eclipse.ui.views.properties.tabbed/3.8.1.v20170713-0803/org.eclipse.ui.views.properties.tabbed-3.8.1.v20170713-0803.jar,reference:file:/Users/pfeuffer/.m2/repository/p2/osgi/bundle/org.eclipse.ui.net/1.3.100.v20170516-0820/org.eclipse.ui.net-1.3.100.v20170516-0820.jar,reference:file:/Users/pfeuffer/.m2/repository/p2/osgi/bundle/org.glassfish.javax.json/1.0.4/org.glassfish.javax.json-1.0.4.jar,reference:file:/Users/pfeuffer/.m2/repository/p2/osgi/bundle/org.hamcrest.core/1.3.0.v201303031735/org.hamcrest.core-1.3.0.v201303031735.jar,reference:file:/Users/pfeuffer/.m2/repository/p2/osgi/bundle/org.knime.base/3.7.1.v201901291053/org.knime.base-3.7.1.v201901291053.jar,reference:file:/Users/pfeuffer/.m2/repository/p2/osgi/bundle/org.knime.core/3.7.1.v201901281550/org.knime.core-3.7.1.v201901281550.jar,reference:file:/Users/pfeuffer/.m2/repository/p2/osgi/bundle/org.apache.commons.math3/3.4.1/org.apache.commons.math3-3.4.1.jar,reference:file:/Users/pfeuffer/.m2/repository/p2/osgi/bundle/gov.nist.math.jama/1.0.3/gov.nist.math.jama-1.0.3.jar,reference:file:/Users/pfeuffer/.m2/repository/p2/osgi/bundle/org.apache.commons.math/2.1.0.v201105210652/org.apache.commons.math-2.1.0.v201105210652.jar,reference:file:/Users/pfeuffer/.m2/repository/p2/osgi/bundle/org.apache.commons.lang3/3.3.1/org.apache.commons.lang3-3.3.1.jar,reference:file:/Users/pfeuffer/.m2/repository/p2/osgi/bundle/org.knime.core.pmml/3.7.0.v201808081048/org.knime.core.pmml-3.7.0.v201808081048.jar,reference:file:/Users/pfeuffer/.m2/repository/p2/osgi/bundle/org.apache.log4j/1.2.15.v201012070815/org.apache.log4j-1.2.15.v201012070815.jar,reference:file:/Users/pfeuffer/.m2/repository/p2/osgi/bundle/org.knime.core.util/5.10.2.v201904171216/org.knime.core.util-5.10.2.v201904171216.jar,reference:file:/Users/pfeuffer/.m2/repository/p2/osgi/bundle/com.sun.jna/4.4.0/com.sun.jna-4.4.0.jar,reference:file:/Users/pfeuffer/.m2/repository/p2/osgi/bundle/org.knime.core.data.uritype/3.7.0.v201808081048/org.knime.core.data.uritype-3.7.0.v201808081048.jar,reference:file:/Users/pfeuffer/.m2/repository/p2/osgi/bundle/org.knime.core.ui/3.7.1.v201901281154/org.knime.core.ui-3.7.1.v201901281154.jar,reference:file:/Users/pfeuffer/.m2/repository/p2/osgi/bundle/org.apache.commons.io/2.6.0/org.apache.commons.io-2.6.0.jar,reference:file:/Users/pfeuffer/.m2/repository/p2/osgi/bundle/org.knime.core.wizard/3.7.0.v201810150740/org.knime.core.wizard-3.7.0.v201810150740.jar,reference:file:/Users/pfeuffer/.m2/repository/p2/osgi/bundle/org.knime.js.core/3.7.0.v201812031444/org.knime.js.core-3.7.0.v201812031444.jar,reference:file:/Users/pfeuffer/.m2/repository/p2/osgi/bundle/org.knime.expressions.core/3.7.1.v201901281157/org.knime.expressions.core-3.7.1.v201901281157.jar,reference:file:/Users/pfeuffer/.m2/repository/p2/osgi/bundle/org.knime.ext.svg/3.7.0.v201809121043/org.knime.ext.svg-3.7.0.v201809121043.jar,reference:file:/Users/pfeuffer/git/GKN_dev/com.genericworkflownodes.knime.config.testing/target/work/plugins/org.w3c.sac_1.3.0.v201706222054,reference:file:/Users/pfeuffer/.m2/repository/p2/osgi/bundle/org.knime.workbench.repository/3.7.0.v201811211119/org.knime.workbench.repository-3.7.0.v201811211119.jar,reference:file:/Users/pfeuffer/.m2/repository/p2/osgi/bundle/org.knime.time/3.7.1.v201901291053/org.knime.time-3.7.1.v201901291053.jar,reference:file:/Users/pfeuffer/.m2/repository/p2/osgi/bundle/org.openqa.selenium/3.12.0.v201806120709/org.openqa.selenium-3.12.0.v201806120709.jar,reference:file:/Users/pfeuffer/.m2/repository/p2/osgi/bundle/org.knime.product/3.7.1.v201901281154/org.knime.product-3.7.1.v201901281154.jar,reference:file:/Users/pfeuffer/.m2/repository/p2/osgi/bundle/org.knime.workbench.explorer.view/8.3.2.v201904170930/org.knime.workbench.explorer.view-8.3.2.v201904170930.jar,reference:file:/Users/pfeuffer/.m2/repository/p2/osgi/bundle/org.knime.workbench.editor/3.7.1.v201901281154/org.knime.workbench.editor-3.7.1.v201901281154.jar,reference:file:/Users/pfeuffer/.m2/repository/p2/osgi/bundle/org.knime.workbench/3.7.0.v201808081048/org.knime.workbench-3.7.0.v201808081048.jar,reference:file:/Users/pfeuffer/.m2/repository/p2/osgi/bundle/org.knime.workbench.core/3.7.1.v201901281550/org.knime.workbench.core-3.7.1.v201901281550.jar,reference:file:/Users/pfeuffer/.m2/repository/p2/osgi/bundle/org.apache.commons.collections/3.2.2.v201511171945/org.apache.commons.collections-3.2.2.v201511171945.jar,reference:file:/Users/pfeuffer/.m2/repository/p2/osgi/bundle/org.knime.workbench.ui/3.7.0.v201811301425/org.knime.workbench.ui-3.7.0.v201811301425.jar,reference:file:/Users/pfeuffer/.m2/repository/p2/osgi/bundle/org.knime.workbench.help/3.7.0.v201808140815/org.knime.workbench.help-3.7.0.v201808140815.jar,reference:file:/Users/pfeuffer/.m2/repository/p2/osgi/bundle/net.bytebuddy.byte-buddy/1.8.11/net.bytebuddy.byte-buddy-1.8.11.jar,reference:file:/Users/pfeuffer/.m2/repository/p2/osgi/bundle/com.google.gson/2.8.1/com.google.gson-2.8.1.jar,reference:file:/Users/pfeuffer/.m2/repository/p2/osgi/bundle/org.eclipse.equinox.launcher/1.4.0.v20161219-1356/org.eclipse.equinox.launcher-1.4.0.v20161219-1356.jar,reference:file:/Users/pfeuffer/git/GKN_dev/com.genericworkflownodes.knime.config.testing,reference:file:/Users/pfeuffer/.m2/repository/org/eclipse/tycho/org.eclipse.tycho.surefire.osgibooter/1.2.0/org.eclipse.tycho.surefire.osgibooter-1.2.0.jar,reference:file:/Users/pfeuffer/.m2/repository/org/eclipse/tycho/org.eclipse.tycho.surefire.junit4/1.2.0/org.eclipse.tycho.surefire.junit4-1.2.0.jar"/>
    <property name="java.endorsed.dirs" value="/Library/Java/JavaVirtualMachines/jdk1.8.0_191.jdk/Contents/Home/jre/lib/endorsed"/>
    <property name="osgi.tracefile" value="/Users/pfeuffer/git/GKN_dev/com.genericworkflownodes.knime.config.testing/target/work/data/.metadata/trace.log"/>
    <property name="sun.cpu.isalist" value=""/>
    <property name="sun.jnu.encoding" value="UTF-8"/>
    <property name="eclipse.application" value="org.eclipse.tycho.surefire.osgibooter.uitest"/>
    <property name="file.encoding.pkg" value="sun.io"/>
    <property name="org.osgi.framework.vendor" value="Eclipse"/>
    <property name="equinox.init.uuid" value="true"/>
    <property name="file.separator" value="/"/>
    <property name="java.specification.name" value="Java Platform API Specification"/>
    <property name="osgi.checkConfiguration" value="true"/>
    <property name="java.class.version" value="52.0"/>
    <property name="user.country" value="DE"/>
    <property name="osgi.configuration.cascaded" value="false"/>
    <property name="java.home" value="/Library/Java/JavaVirtualMachines/jdk1.8.0_191.jdk/Contents/Home/jre"/>
    <property name="osgi.os" value="macosx"/>
    <property name="eclipse.commands" value="-data&#10;/Users/pfeuffer/git/GKN_dev/com.genericworkflownodes.knime.config.testing/target/work/data&#10;-install&#10;/Users/pfeuffer/git/GKN_dev/com.genericworkflownodes.knime.config.testing/target/work&#10;-configuration&#10;/Users/pfeuffer/git/GKN_dev/com.genericworkflownodes.knime.config.testing/target/work/configuration&#10;-application&#10;org.eclipse.tycho.surefire.osgibooter.uitest&#10;-testproperties&#10;/Users/pfeuffer/git/GKN_dev/com.genericworkflownodes.knime.config.testing/target/surefire.properties&#10;-nouithread&#10;"/>
    <property name="java.vm.info" value="mixed mode"/>
    <property name="os.version" value="10.12.6"/>
    <property name="osgi.arch" value="x86_64"/>
    <property name="path.separator" value=":"/>
    <property name="java.vm.version" value="25.191-b12"/>
    <property name="org.osgi.supports.framework.fragment" value="true"/>
    <property name="osgi.framework.shape" value="jar"/>
    <property name="java.awt.printerjob" value="sun.lwawt.macosx.CPrinterJob"/>
    <property name="sun.io.unicode.encoding" value="UnicodeBig"/>
    <property name="org.osgi.framework.version" value="1.8.0"/>
    <property name="org.osgi.framework.storage" value="/Users/pfeuffer/git/GKN_dev/com.genericworkflownodes.knime.config.testing/target/work/configuration"/>
    <property name="awt.toolkit" value="sun.lwawt.macosx.LWCToolkit"/>
    <property name="socksNonProxyHosts" value="local|*.local|169.254/16|*.169.254/16"/>
    <property name="ftp.nonProxyHosts" value="local|*.local|169.254/16|*.169.254/16"/>
    <property name="eclipse.stateSaveDelayInterval" value="30000"/>
    <property name="osgi.dev" value="file:/Users/pfeuffer/git/GKN_dev/com.genericworkflownodes.knime.config.testing/target/work/dev.properties"/>
    <property name="osgi.install.area" value="file:/Users/pfeuffer/git/GKN_dev/com.genericworkflownodes.knime.config.testing/target/work/"/>
    <property name="osgi.framework" value="file:/Users/pfeuffer/.m2/repository/p2/osgi/bundle/org.eclipse.osgi/3.12.100.v20180210-1608/org.eclipse.osgi-3.12.100.v20180210-1608.jar"/>
    <property name="user.home" value="/Users/pfeuffer"/>
    <property name="osgi.framework.useSystemProperties" value="true"/>
    <property name="java.specification.vendor" value="Oracle Corporation"/>
    <property name="osgi.nl" value="de_DE"/>
    <property name="java.library.path" value="/Users/pfeuffer/Library/Java/Extensions:/Library/Java/Extensions:/Network/Library/Java/Extensions:/System/Library/Java/Extensions:/usr/lib/java:."/>
    <property name="java.vendor.url" value="http://java.oracle.com/"/>
    <property name="osgi.bundlefile.limit" value="100"/>
    <property name="eclipse.startTime" value="1561752160959"/>
    <property name="org.osgi.framework.os.version" value="10.12.6"/>
    <property name="gopherProxySet" value="false"/>
    <property name="java.vm.vendor" value="Oracle Corporation"/>
    <property name="java.runtime.name" value="Java(TM) SE Runtime Environment"/>
    <property name="java.class.path" value="/Users/pfeuffer/.m2/repository/p2/osgi/bundle/org.eclipse.equinox.launcher/1.4.0.v20161219-1356/org.eclipse.equinox.launcher-1.4.0.v20161219-1356.jar"/>
    <property name="sun.java.command" value="/Users/pfeuffer/.m2/repository/p2/osgi/bundle/org.eclipse.equinox.launcher/1.4.0.v20161219-1356/org.eclipse.equinox.launcher-1.4.0.v20161219-1356.jar -data /Users/pfeuffer/git/GKN_dev/com.genericworkflownodes.knime.config.testing/target/work/data -install /Users/pfeuffer/git/GKN_dev/com.genericworkflownodes.knime.config.testing/target/work -configuration /Users/pfeuffer/git/GKN_dev/com.genericworkflownodes.knime.config.testing/target/work/configuration -application org.eclipse.tycho.surefire.osgibooter.uitest -testproperties /Users/pfeuffer/git/GKN_dev/com.genericworkflownodes.knime.config.testing/target/surefire.properties -nouithread"/>
    <property name="ds.delayed.keepInstances" value="true"/>
    <property name="java.vm.specification.name" value="Java Virtual Machine Specification"/>
    <property name="java.vm.specification.version" value="1.8"/>
    <property name="sun.os.patch.level" value="unknown"/>
    <property name="sun.cpu.endian" value="little"/>
    <property name="gosh.args" value="--nointeractive"/>
    <property name="java.io.tmpdir" value="/var/folders/3w/sgbzzwr94nz6n61hdw97b7740000gn/T/"/>
    <property name="java.vendor.url.bug" value="http://bugreport.sun.com/bugreport/"/>
    <property name="applicationXMI" value="org.eclipse.ui.workbench/LegacyIDE.e4xmi"/>
    <property name="eclipse.home.location" value="file:/Users/pfeuffer/git/GKN_dev/com.genericworkflownodes.knime.config.testing/target/work/"/>
    <property name="java.awt.graphicsenv" value="sun.awt.CGraphicsEnvironment"/>
    <property name="os.arch" value="x86_64"/>
    <property name="java.ext.dirs" value="/Users/pfeuffer/Library/Java/Extensions:/Library/Java/JavaVirtualMachines/jdk1.8.0_191.jdk/Contents/Home/jre/lib/ext:/Library/Java/Extensions:/Network/Library/Java/Extensions:/System/Library/Java/Extensions:/usr/lib/java"/>
    <property name="user.dir" value="/Users/pfeuffer/git/GKN_dev/com.genericworkflownodes.knime.config.testing"/>
    <property name="org.osgi.supports.framework.requirebundle" value="true"/>
    <property name="osgi.clean" value="true"/>
    <property name="line.separator" value="&#10;"/>
    <property name="java.vm.name" value="Java HotSpot(TM) 64-Bit Server VM"/>
    <property name="file.encoding" value="UTF-8"/>
    <property name="java.specification.version" value="1.8"/>
    <property name="org.osgi.framework.executionenvironment" value="OSGi/Minimum-1.0,OSGi/Minimum-1.1,OSGi/Minimum-1.2,JavaSE/compact1-1.8,JavaSE/compact2-1.8,JavaSE/compact3-1.8,JRE-1.1,J2SE-1.2,J2SE-1.3,J2SE-1.4,J2SE-1.5,JavaSE-1.6,JavaSE-1.7,JavaSE-1.8"/>
    <property name="osgi.configuration.area" value="file:/Users/pfeuffer/git/GKN_dev/com.genericworkflownodes.knime.config.testing/target/work/configuration/"/>
    <property name="osgi.logfile" value="/Users/pfeuffer/git/GKN_dev/com.genericworkflownodes.knime.config.testing/target/work/data/.metadata/.log"/>
  </properties>
  <testcase name="testFileListParameter" classname="com.genericworkflownodes.knime.parameter.FileListParameterTest" time="0"/>
  <testcase name="testGetPort" classname="com.genericworkflownodes.knime.parameter.FileListParameterTest" time="0"/>
  <testcase name="testSetPort" classname="com.genericworkflownodes.knime.parameter.FileListParameterTest" time="0"/>
</testsuite>